# JRE version: Java(TM) SE Runtime Environment (21.0.2+13) (build 21.0.2+13-LTS-58)
# Java VM: Java HotSpot(TM) 64-Bit Server VM (21.0.2+13-LTS-58, mixed mode, sharing, tiered, compressed oops, compressed class ptrs, g1 gc, windows-amd64)
GC Precious Log:
 CardTable entry size: 512
 Card Set container configuration: InlinePtr #cards 4 size 8 Array Of Cards #cards 16 size 48 Howl #buckets 8 coarsen threshold 3686 Howl Bitmap #cards 512 size 80 coarsen threshold 460 Card regions per heap region 1 cards per card region 4096
 CPUs: 12 total, 12 available
 Memory: 15709M
 Large Page Support: Disabled
 NUMA Support: Disabled
 Compressed Oops: Enabled (Zero based)
 Heap Region Size: 2M
 Heap Min Capacity: 8M
 Heap Initial Capacity: 246M
 Heap Max Capacity: 3928M
 Pre-touch: Disabled
 Parallel Workers: 10
 Concurrent Workers: 3
 Concurrent Refinement Workers: 10
 Periodic GC: Disabled
Heap:
 garbage-first heap   total 92160K, used 66258K [0x000000070a800000, 0x0000000800000000)
  region size 2048K, 21 young (43008K), 4 survivors (8192K)
 Metaspace       used 80305K, committed 81024K, reserved 1179648K
  class space    used 11087K, committed 11392K, reserved 1048576K
GC Heap History (20 events):
Event: 7.282 GC heap before
{Heap before GC invocations=6 (full 0):
 garbage-first heap   total 81920K, used 20127K [0x000000070a800000, 0x0000000800000000)
  region size 2048K, 2 young (4096K), 1 survivors (2048K)
 Metaspace       used 35765K, committed 36288K, reserved 1114112K
  class space    used 4563K, committed 4800K, reserved 1048576K
}
Event: 7.287 GC heap after
{Heap after GC invocations=7 (full 0):
 garbage-first heap   total 81920K, used 20253K [0x000000070a800000, 0x0000000800000000)
  region size 2048K, 1 young (2048K), 1 survivors (2048K)
 Metaspace       used 35765K, committed 36288K, reserved 1114112K
  class space    used 4563K, committed 4800K, reserved 1048576K
}
Event: 9.115 GC heap before
{Heap before GC invocations=8 (full 0):
 garbage-first heap   total 75776K, used 67357K [0x000000070a800000, 0x0000000800000000)
  region size 2048K, 24 young (49152K), 1 survivors (2048K)
 Metaspace       used 46097K, committed 46656K, reserved 1114112K
  class space    used 5956K, committed 6208K, reserved 1048576K
}
Event: 9.125 GC heap after
{Heap after GC invocations=9 (full 0):
 garbage-first heap   total 75776K, used 23228K [0x000000070a800000, 0x0000000800000000)
  region size 2048K, 3 young (6144K), 3 survivors (6144K)
 Metaspace       used 46097K, committed 46656K, reserved 1114112K
  class space    used 5956K, committed 6208K, reserved 1048576K
}
Event: 10.101 GC heap before
{Heap before GC invocations=9 (full 0):
 garbage-first heap   total 75776K, used 60092K [0x000000070a800000, 0x0000000800000000)
  region size 2048K, 22 young (45056K), 3 survivors (6144K)
 Metaspace       used 55238K, committed 55936K, reserved 1114112K
  class space    used 7360K, committed 7680K, reserved 1048576K
}
Event: 10.111 GC heap after
{Heap after GC invocations=10 (full 0):
 garbage-first heap   total 75776K, used 23962K [0x000000070a800000, 0x0000000800000000)
  region size 2048K, 3 young (6144K), 3 survivors (6144K)
 Metaspace       used 55238K, committed 55936K, reserved 1114112K
  class space    used 7360K, committed 7680K, reserved 1048576K
}
Event: 10.976 GC heap before
{Heap before GC invocations=10 (full 0):
 garbage-first heap   total 75776K, used 50586K [0x000000070a800000, 0x0000000800000000)
  region size 2048K, 17 young (34816K), 3 survivors (6144K)
 Metaspace       used 60145K, committed 60800K, reserved 1114112K
  class space    used 8053K, committed 8384K, reserved 1048576K
}
Event: 10.985 GC heap after
{Heap after GC invocations=11 (full 0):
 garbage-first heap   total 75776K, used 25763K [0x000000070a800000, 0x0000000800000000)
  region size 2048K, 2 young (4096K), 2 survivors (4096K)
 Metaspace       used 60145K, committed 60800K, reserved 1114112K
  class space    used 8053K, committed 8384K, reserved 1048576K
}
Event: 11.501 GC heap before
{Heap before GC invocations=12 (full 0):
 garbage-first heap   total 75776K, used 64675K [0x000000070a800000, 0x0000000800000000)
  region size 2048K, 21 young (43008K), 2 survivors (4096K)
 Metaspace       used 62801K, committed 63488K, reserved 1114112K
  class space    used 8566K, committed 8896K, reserved 1048576K
}
Event: 11.508 GC heap after
{Heap after GC invocations=13 (full 0):
 garbage-first heap   total 75776K, used 27388K [0x000000070a800000, 0x0000000800000000)
  region size 2048K, 2 young (4096K), 2 survivors (4096K)
 Metaspace       used 62801K, committed 63488K, reserved 1114112K
  class space    used 8566K, committed 8896K, reserved 1048576K
}
Event: 11.821 GC heap before
{Heap before GC invocations=13 (full 0):
 garbage-first heap   total 75776K, used 62204K [0x000000070a800000, 0x0000000800000000)
  region size 2048K, 20 young (40960K), 2 survivors (4096K)
 Metaspace       used 64627K, committed 65280K, reserved 1114112K
  class space    used 8943K, committed 9216K, reserved 1048576K
}
Event: 11.830 GC heap after
{Heap after GC invocations=14 (full 0):
 garbage-first heap   total 92160K, used 30750K [0x000000070a800000, 0x0000000800000000)
  region size 2048K, 3 young (6144K), 3 survivors (6144K)
 Metaspace       used 64627K, committed 65280K, reserved 1114112K
  class space    used 8943K, committed 9216K, reserved 1048576K
}
Event: 12.031 GC heap before
{Heap before GC invocations=14 (full 0):
 garbage-first heap   total 92160K, used 75806K [0x000000070a800000, 0x0000000800000000)
  region size 2048K, 26 young (53248K), 3 survivors (6144K)
 Metaspace       used 64642K, committed 65280K, reserved 1114112K
  class space    used 8943K, committed 9216K, reserved 1048576K
}
Event: 12.037 GC heap after
{Heap after GC invocations=15 (full 0):
 garbage-first heap   total 92160K, used 29355K [0x000000070a800000, 0x0000000800000000)
  region size 2048K, 1 young (2048K), 1 survivors (2048K)
 Metaspace       used 64642K, committed 65280K, reserved 1114112K
  class space    used 8943K, committed 9216K, reserved 1048576K
}
Event: 12.276 GC heap before
{Heap before GC invocations=15 (full 0):
 garbage-first heap   total 92160K, used 78507K [0x000000070a800000, 0x0000000800000000)
  region size 2048K, 26 young (53248K), 1 survivors (2048K)
 Metaspace       used 66857K, committed 67520K, reserved 1114112K
  class space    used 9221K, committed 9536K, reserved 1048576K
}
Event: 12.281 GC heap after
{Heap after GC invocations=16 (full 0):
 garbage-first heap   total 92160K, used 30511K [0x000000070a800000, 0x0000000800000000)
  region size 2048K, 2 young (4096K), 2 survivors (4096K)
 Metaspace       used 66857K, committed 67520K, reserved 1114112K
  class space    used 9221K, committed 9536K, reserved 1048576K
}
Event: 13.011 GC heap before
{Heap before GC invocations=16 (full 0):
 garbage-first heap   total 92160K, used 79663K [0x000000070a800000, 0x0000000800000000)
  region size 2048K, 26 young (53248K), 2 survivors (4096K)
 Metaspace       used 69493K, committed 70208K, reserved 1114112K
  class space    used 9569K, committed 9856K, reserved 1048576K
}
Event: 13.016 GC heap after
{Heap after GC invocations=17 (full 0):
 garbage-first heap   total 92160K, used 32194K [0x000000070a800000, 0x0000000800000000)
  region size 2048K, 3 young (6144K), 3 survivors (6144K)
 Metaspace       used 69493K, committed 70208K, reserved 1114112K
  class space    used 9569K, committed 9856K, reserved 1048576K
}
Event: 14.088 GC heap before
{Heap before GC invocations=17 (full 0):
 garbage-first heap   total 92160K, used 77250K [0x000000070a800000, 0x0000000800000000)
  region size 2048K, 25 young (51200K), 3 survivors (6144K)
 Metaspace       used 74186K, committed 74880K, reserved 1114112K
  class space    used 10241K, committed 10560K, reserved 1048576K
}
Event: 14.098 GC heap after
{Heap after GC invocations=18 (full 0):
 garbage-first heap   total 92160K, used 35538K [0x000000070a800000, 0x0000000800000000)
  region size 2048K, 4 young (8192K), 4 survivors (8192K)
 Metaspace       used 74186K, committed 74880K, reserved 1114112K
  class space    used 10241K, committed 10560K, reserved 1048576K
}

